<?xml version="1.0" encoding="UTF-8"?>
<Site BuildName="(empty)"
	BuildStamp="20251002-1823-Experimental"
	Name="(empty)"
	Generator="ctest-3.28.3"
	CompilerName=""
	CompilerVersion=""
	OSName="Linux"
	Hostname="vika-vivobook"
	OSRelease="6.14.0-29-generic"
	OSVersion="#29~24.04.1-Ubuntu SMP PREEMPT_DYNAMIC Thu Aug 14 16:52:50 UTC 2"
	OSPlatform="x86_64"
	Is64Bits="1"
	VendorString="GenuineIntel"
	VendorID="Intel Corporation"
	FamilyID="6"
	ModelID="186"
	ProcessorCacheSize="24576"
	NumberOfLogicalCPU="20"
	NumberOfPhysicalCPU="14"
	TotalVirtualMemory="4095"
	TotalPhysicalMemory="15615"
	LogicalProcessorsPerPhysical="1"
	ProcessorClockFrequency="2159.37"
	>
	<Testing>
		<StartDateTime>Oct 03 01:15 +03</StartDateTime>
		<StartTestTime>1759443353</StartTestTime>
		<TestList/>
		<EndDateTime>Oct 03 01:15 +03</EndDateTime>
		<EndTestTime>1759443353</EndTestTime>
		<ElapsedMinutes>0</ElapsedMinutes>
	</Testing>
</Site>
