------------------------------------------------------------------------------
                           GCC Code Coverage Report
Directory: .
------------------------------------------------------------------------------
File                                       Lines    Exec  Cover   Missing
------------------------------------------------------------------------------
BubbleSort.h                                  13      13   100%
Functions.h                                   23      19    82%   13,28,38,45
Product.h                                      5       5   100%
Student.h                                      5       5   100%
tests.cpp                                     73      73   100%
------------------------------------------------------------------------------
TOTAL                                        119     115    96%
------------------------------------------------------------------------------
