Start testing: Oct 31 17:37 +03
----------------------------------------------------------
1/1 Testing: PatienceSortTests
1/1 Test: PatienceSortTests
Command: "/home/vika/Рабочий стол/lab4_4/PatienceSort/build/test_runner"
Directory: /home/vika/Рабочий стол/lab4_4/PatienceSort/build
"PatienceSortTests" start time: Oct 31 17:37 +03
Output:
----------------------------------------------------------
[==========] Running 7 tests from 1 test suite.
[----------] Global test environment set-up.
[----------] 7 tests from PatienceSortTest
[ RUN      ] PatienceSortTest.IntVector
[       OK ] PatienceSortTest.IntVector (0 ms)
[ RUN      ] PatienceSortTest.IntArray
[       OK ] PatienceSortTest.IntArray (0 ms)
[ RUN      ] PatienceSortTest.EmptyVector
[       OK ] PatienceSortTest.EmptyVector (0 ms)
[ RUN      ] PatienceSortTest.SingleElement
[       OK ] PatienceSortTest.SingleElement (0 ms)
[ RUN      ] PatienceSortTest.AlreadySorted
[       OK ] PatienceSortTest.AlreadySorted (0 ms)
[ RUN      ] PatienceSortTest.StudentByGrade
[       OK ] PatienceSortTest.StudentByGrade (0 ms)
[ RUN      ] PatienceSortTest.ProductByPrice
[       OK ] PatienceSortTest.ProductByPrice (0 ms)
[----------] 7 tests from PatienceSortTest (0 ms total)

[----------] Global test environment tear-down
[==========] 7 tests from 1 test suite ran. (0 ms total)
[  PASSED  ] 7 tests.
<end of output>
Test time =   0.00 sec
----------------------------------------------------------
Test Passed.
"PatienceSortTests" end time: Oct 31 17:37 +03
"PatienceSortTests" time elapsed: 00:00:00
----------------------------------------------------------

End testing: Oct 31 17:37 +03
