------------------------------------------------------------------------------
                           GCC Code Coverage Report
Directory: .
------------------------------------------------------------------------------
File                                       Lines    Exec  Cover   Missing
------------------------------------------------------------------------------
PatienceSort.h                                36      36   100%
Product.h                                      7       7   100%
Student.h                                      7       7   100%
tests.cpp                                     40      40   100%
------------------------------------------------------------------------------
TOTAL                                         90      90   100%
------------------------------------------------------------------------------
