Start testing: Oct 31 18:31 +03
----------------------------------------------------------
1/1 Testing: BubbleSortTests
1/1 Test: BubbleSortTests
Command: "/home/vika/Рабочий стол/lab4_4/BubbleSort/build/test_runner"
Directory: /home/vika/Рабочий стол/lab4_4/BubbleSort/build
"BubbleSortTests" start time: Oct 31 18:31 +03
Output:
----------------------------------------------------------
[==========] Running 11 tests from 1 test suite.
[----------] Global test environment set-up.
[----------] 11 tests from BubbleSortTest
[ RUN      ] BubbleSortTest.BuiltInTypes_IntArray
[       OK ] BubbleSortTest.BuiltInTypes_IntArray (0 ms)
[ RUN      ] BubbleSortTest.BuiltInTypes_DoubleArray
[       OK ] BubbleSortTest.BuiltInTypes_DoubleArray (0 ms)
[ RUN      ] BubbleSortTest.BuiltInTypes_StringVector
[       OK ] BubbleSortTest.BuiltInTypes_StringVector (0 ms)
[ RUN      ] BubbleSortTest.CustomClass_StudentByName
[       OK ] BubbleSortTest.CustomClass_StudentByName (0 ms)
[ RUN      ] BubbleSortTest.CustomClass_ProductByPrice
[       OK ] BubbleSortTest.CustomClass_ProductByPrice (0 ms)
[ RUN      ] BubbleSortTest.EdgeCases_EmptyVector
[       OK ] BubbleSortTest.EdgeCases_EmptyVector (0 ms)
[ RUN      ] BubbleSortTest.EdgeCases_SingleElement
[       OK ] BubbleSortTest.EdgeCases_SingleElement (0 ms)
[ RUN      ] BubbleSortTest.EdgeCases_AlreadySorted
[       OK ] BubbleSortTest.EdgeCases_AlreadySorted (0 ms)
[ RUN      ] BubbleSortTest.EdgeCases_ReverseSorted
[       OK ] BubbleSortTest.EdgeCases_ReverseSorted (0 ms)
[ RUN      ] BubbleSortTest.Iterators_PartialSort
[       OK ] BubbleSortTest.Iterators_PartialSort (0 ms)
[ RUN      ] BubbleSortTest.OriginalCase_ArrayAndVector
[       OK ] BubbleSortTest.OriginalCase_ArrayAndVector (0 ms)
[----------] 11 tests from BubbleSortTest (0 ms total)

[----------] Global test environment tear-down
[==========] 11 tests from 1 test suite ran. (0 ms total)
[  PASSED  ] 11 tests.
<end of output>
Test time =   0.00 sec
----------------------------------------------------------
Test Passed.
"BubbleSortTests" end time: Oct 31 18:31 +03
"BubbleSortTests" time elapsed: 00:00:00
----------------------------------------------------------

End testing: Oct 31 18:31 +03
